2025-10-27T13:52:18.770601 - Affichage du panneau : Afficher les équipements
2025-10-27T13:52:27.3039091 - Affichage du panneau : Gestion de stock
2025-10-27T13:52:28.5156745 - Affichage du panneau : Afficher les équipements
2025-10-27T13:52:28.9929299 - Affichage du panneau : Menu principal
2025-10-27T13:52:30.2219142 - Affichage du panneau : Afficher les équipements
2025-10-27T13:52:30.829039 - Affichage du panneau : Gestion de stock
2025-10-27T13:52:31.3431494 - Affichage du panneau : Modifier un équipement
2025-10-27T13:52:32.0602414 - Affichage du panneau : Rechercher un équipement
2025-10-27T13:52:32.700308 - Affichage du panneau : Ajouter un équipement
2025-10-27T13:52:33.3933039 - Affichage du panneau : Supprimer un équipement
2025-10-27T13:52:35.5095638 - Affichage du panneau : Menu principal
2025-10-27T13:52:36.0088395 - Affichage du panneau : Afficher les équipements
2025-10-27T14:35:59.0760276 - Affichage du panneau : Menu principal
2025-10-27T14:36:00.0336355 - Affichage du panneau : Afficher les équipements
2025-10-27T14:36:00.8156393 - Affichage du panneau : Gestion de stock
2025-10-27T14:36:01.4901519 - Affichage du panneau : Modifier un équipement
2025-10-27T14:36:02.0401673 - Affichage du panneau : Rechercher un équipement
2025-10-27T14:36:02.6615201 - Affichage du panneau : Ajouter un équipement
2025-10-27T14:36:03.1204158 - Affichage du panneau : Supprimer un équipement
2025-10-27T14:36:03.6584014 - Affichage du panneau : Au revoir !
2025-10-27T14:36:09.3351607 - Affichage du panneau : Menu principal
2025-10-27T14:36:10.0391113 - Affichage du panneau : Afficher les équipements
2025-10-27T14:56:00.2342301 - Affichage du panneau : Au revoir !
